Arguments: 
  /Users/whalemare/.nvm/versions/node/v10.18.1/bin/node /usr/local/Cellar/yarn/1.21.1/libexec/bin/yarn.js build

PATH: 
  /Users/whalemare/.nvm/versions/node/v10.18.1/bin:/Users/whalemare/.jenv/shims:/Users/whalemare/.jenv/bin:/Users/whalemare/.fastlane/bin:/usr/local/bin:/usr/bin:/bin:/usr/sbin:/sbin:/Users/whalemare/.nvm/versions/node/v10.18.1/bin:/Users/whalemare/.jenv/shims:/Users/whalemare/.jenv/bin:/Users/whalemare/.fastlane/bin:/Users/whalemare/Library/Android/sdk/emulator:/Users/whalemare/Library/Android/sdk/tools:/Users/whalemare/Library/Android/sdk/tools/bin:/Users/whalemare/Library/Android/sdk/platform-tools:/Users/whalemare/Library/Android/sdk/emulator:/Users/whalemare/Library/Android/sdk/tools:/Users/whalemare/Library/Android/sdk/tools/bin:/Users/whalemare/Library/Android/sdk/platform-tools

Yarn version: 
  1.21.1

Node version: 
  10.18.1

Platform: 
  darwin x64

Trace: 
  SyntaxError: /Users/whalemare/Development/react-native/react-native-bluetooth-serial-next/package.json: Unexpected token } in JSON at position 244
      at JSON.parse (<anonymous>)
      at /usr/local/Cellar/yarn/1.21.1/libexec/lib/cli.js:1625:59
      at Generator.next (<anonymous>)
      at step (/usr/local/Cellar/yarn/1.21.1/libexec/lib/cli.js:310:30)
      at /usr/local/Cellar/yarn/1.21.1/libexec/lib/cli.js:321:13

npm manifest: 
  {
    "name": "react-native-bluetooth-serial-next",
    "version": "1.2.4",
    "description": "Bluetooth serial for react native",
    "main": "index.js",
    "scripts": {
      "test": "echo \"Error: no test specified\" && exit 1",
      "build": "tsc",
    },
    "repository": {
      "type": "git",
      "url": "git+https://github.com/nuttawutmalee/react-native-bluetooth-serial-next.git"
    },
    "keywords": [
      "bluetooth",
      "ble",
      "react",
      "native",
      "react-native"
    ],
    "author": "Nuttawut Malee <nuttawutmalee@gmail.com>",
    "license": "MIT",
    "bugs": {
      "url": "https://github.com/nuttawutmalee/react-native-bluetooth-serial-next/issues"
    },
    "homepage": "https://nuttawutmalee.github.io/react-native-bluetooth-serial-next/",
    "dependencies": {
      "@babel/runtime": "^7.1.5",
      "buffer": "^5.2.1"
    },
    "peerDependencies": {
      "react": "*",
      "react-native": ">=0.40"
    }
  }

yarn manifest: 
  No manifest

Lockfile: 
  # THIS IS AN AUTOGENERATED FILE. DO NOT EDIT THIS FILE DIRECTLY.
  # yarn lockfile v1
  
  
  "@babel/runtime@^7.1.5":
    version "7.7.6"
    resolved "https://registry.yarnpkg.com/@babel/runtime/-/runtime-7.7.6.tgz#d18c511121aff1b4f2cd1d452f1bac9601dd830f"
    integrity sha512-BWAJxpNVa0QlE5gZdWjSxXtemZyZ9RmrmVozxt3NUXeZhVIJ5ANyqmMc0JDrivBZyxUuQvFxlvH4OWWOogGfUw==
    dependencies:
      regenerator-runtime "^0.13.2"
  
  base64-js@^1.0.2:
    version "1.3.1"
    resolved "https://registry.yarnpkg.com/base64-js/-/base64-js-1.3.1.tgz#58ece8cb75dd07e71ed08c736abc5fac4dbf8df1"
    integrity sha512-mLQ4i2QO1ytvGWFWmcngKO//JXAQueZvwEKtjgQFM4jIK0kU+ytMfplL8j+n5mspOfjHwoAg+9yhb7BwAHm36g==
  
  buffer@^5.2.1:
    version "5.4.3"
    resolved "https://registry.yarnpkg.com/buffer/-/buffer-5.4.3.tgz#3fbc9c69eb713d323e3fc1a895eee0710c072115"
    integrity sha512-zvj65TkFeIt3i6aj5bIvJDzjjQQGs4o/sNoezg1F1kYap9Nu2jcUdpwzRSJTHMMzG0H7bZkn4rNQpImhuxWX2A==
    dependencies:
      base64-js "^1.0.2"
      ieee754 "^1.1.4"
  
  ieee754@^1.1.4:
    version "1.1.13"
    resolved "https://registry.yarnpkg.com/ieee754/-/ieee754-1.1.13.tgz#ec168558e95aa181fd87d37f55c32bbcb6708b84"
    integrity sha512-4vf7I2LYV/HaWerSo3XmlMkp5eZ83i+/CDluXi/IGTs/O1sejBNhTtnxzmRZfvOUqj7lZjqHkeTvpgSFDlWZTg==
  
  regenerator-runtime@^0.13.2:
    version "0.13.3"
    resolved "https://registry.yarnpkg.com/regenerator-runtime/-/regenerator-runtime-0.13.3.tgz#7cf6a77d8f5c6f60eb73c5fc1955b2ceb01e6bf5"
    integrity sha512-naKIZz2GQ8JWh///G7L3X6LaQUAMp2lvb1rvwwsURe/VXwD6VMfr+/1NuNw3ag8v2kY1aQ/go5SNn79O9JU7yw==
